     1 00000000                                 [FORMAT "WCOFF"]
     2 00000000                                 [INSTRSET "i486p"]
     3 00000000                                 [OPTIMIZE 1]
     4 00000000                                 [OPTION 1]
     5 00000000                                 [BITS 32]
     6 00000000                                 	EXTERN	_hankaku
     7 00000000                                 	EXTERN	_io_load_eflags
     8 00000000                                 	EXTERN	_io_cli
     9 00000000                                 	EXTERN	_io_out8
    10 00000000                                 	EXTERN	_io_store_eflags
    11 00000000                                 [FILE "graphic.c"]
    12                                          [SECTION .text]
    13 00000000                                 	GLOBAL	_putblock8_8
    14 00000000                                 _putblock8_8:
    15 00000000 55                              	PUSH	EBP
    16 00000001 89 E5                           	MOV	EBP,ESP
    17 00000003 57                              	PUSH	EDI
    18 00000004 56                              	PUSH	ESI
    19 00000005 31 F6                           	XOR	ESI,ESI
    20 00000007 53                              	PUSH	EBX
    21 00000008 83 EC 0C                        	SUB	ESP,12
    22 0000000B 3B 75 14                        	CMP	ESI,DWORD [20+EBP]
    23 0000000E 7D 3E                           	JGE	L13
    24 00000010 31 FF                           	XOR	EDI,EDI
    25 00000012                                 L11:
    26 00000012 31 DB                           	XOR	EBX,EBX
    27 00000014 3B 5D 10                        	CMP	EBX,DWORD [16+EBP]
    28 00000017 7D 2C                           	JGE	L15
    29 00000019 8B 45 20                        	MOV	EAX,DWORD [32+EBP]
    30 0000001C 01 F8                           	ADD	EAX,EDI
    31 0000001E 89 45 EC                        	MOV	DWORD [-20+EBP],EAX
    32 00000021                                 L10:
    33 00000021 8B 45 1C                        	MOV	EAX,DWORD [28+EBP]
    34 00000024 8B 55 18                        	MOV	EDX,DWORD [24+EBP]
    35 00000027 01 F0                           	ADD	EAX,ESI
    36 00000029 01 DA                           	ADD	EDX,EBX
    37 0000002B 0F AF 45 0C                     	IMUL	EAX,DWORD [12+EBP]
    38 0000002F 01 D0                           	ADD	EAX,EDX
    39 00000031 8B 4D 08                        	MOV	ECX,DWORD [8+EBP]
    40 00000034 8B 55 EC                        	MOV	EDX,DWORD [-20+EBP]
    41 00000037 43                              	INC	EBX
    42 00000038 8A 12                           	MOV	DL,BYTE [EDX]
    43 0000003A 88 14 08                        	MOV	BYTE [EAX+ECX*1],DL
    44 0000003D FF 45 EC                        	INC	DWORD [-20+EBP]
    45 00000040 3B 5D 10                        	CMP	EBX,DWORD [16+EBP]
    46 00000043 7C DC                           	JL	L10
    47 00000045                                 L15:
    48 00000045 46                              	INC	ESI
    49 00000046 03 7D 24                        	ADD	EDI,DWORD [36+EBP]
    50 00000049 3B 75 14                        	CMP	ESI,DWORD [20+EBP]
    51 0000004C 7C C4                           	JL	L11
    52 0000004E                                 L13:
    53 0000004E 83 C4 0C                        	ADD	ESP,12
    54 00000051 5B                              	POP	EBX
    55 00000052 5E                              	POP	ESI
    56 00000053 5F                              	POP	EDI
    57 00000054 5D                              	POP	EBP
    58 00000055 C3                              	RET
    59                                          [SECTION .data]
    60 00000000                                 _cursor.0:
    61 00000000 2A 2A 2A 2A 2A 2A 2A 2A 2A 2A   	DB	"**************.."
       0000000A 2A 2A 2A 2A 2E 2E 
    62 00000010 2A 4F 4F 4F 4F 4F 4F 4F 4F 4F   	DB	"*OOOOOOOOOOO*..."
       0000001A 4F 4F 2A 2E 2E 2E 
    63 00000020 2A 4F 4F 4F 4F 4F 4F 4F 4F 4F   	DB	"*OOOOOOOOOO*...."
       0000002A 4F 2A 2E 2E 2E 2E 
    64 00000030 2A 4F 4F 4F 4F 4F 4F 4F 4F 4F   	DB	"*OOOOOOOOO*....."
       0000003A 2A 2E 2E 2E 2E 2E 
    65 00000040 2A 4F 4F 4F 4F 4F 4F 4F 4F 2A   	DB	"*OOOOOOOO*......"
       0000004A 2E 2E 2E 2E 2E 2E 
    66 00000050 2A 4F 4F 4F 4F 4F 4F 4F 2A 2E   	DB	"*OOOOOOO*......."
       0000005A 2E 2E 2E 2E 2E 2E 
    67 00000060 2A 4F 4F 4F 4F 4F 4F 4F 2A 2E   	DB	"*OOOOOOO*......."
       0000006A 2E 2E 2E 2E 2E 2E 
    68 00000070 2A 4F 4F 4F 4F 4F 4F 4F 4F 2A   	DB	"*OOOOOOOO*......"
       0000007A 2E 2E 2E 2E 2E 2E 
    69 00000080 2A 4F 4F 4F 4F 2A 2A 4F 4F 4F   	DB	"*OOOO**OOO*....."
       0000008A 2A 2E 2E 2E 2E 2E 
    70 00000090 2A 4F 4F 4F 2A 2E 2E 2A 4F 4F   	DB	"*OOO*..*OOO*...."
       0000009A 4F 2A 2E 2E 2E 2E 
    71 000000A0 2A 4F 4F 2A 2E 2E 2E 2E 2A 4F   	DB	"*OO*....*OOO*..."
       000000AA 4F 4F 2A 2E 2E 2E 
    72 000000B0 2A 4F 2A 2E 2E 2E 2E 2E 2E 2A   	DB	"*O*......*OOO*.."
       000000BA 4F 4F 4F 2A 2E 2E 
    73 000000C0 2A 2A 2E 2E 2E 2E 2E 2E 2E 2E   	DB	"**........*OOO*."
       000000CA 2A 4F 4F 4F 2A 2E 
    74 000000D0 2A 2E 2E 2E 2E 2E 2E 2E 2E 2E   	DB	"*..........*OOO*"
       000000DA 2E 2A 4F 4F 4F 2A 
    75 000000E0 2E 2E 2E 2E 2E 2E 2E 2E 2E 2E   	DB	"............*OO*"
       000000EA 2E 2E 2A 4F 4F 2A 
    76 000000F0 2E 2E 2E 2E 2E 2E 2E 2E 2E 2E   	DB	".............***"
       000000FA 2E 2E 2E 2A 2A 2A 
    77                                          [SECTION .text]
    78 00000056                                 	GLOBAL	_init_mouse_cursor8
    79 00000056                                 _init_mouse_cursor8:
    80 00000056 55                              	PUSH	EBP
    81 00000057 89 E5                           	MOV	EBP,ESP
    82 00000059 57                              	PUSH	EDI
    83 0000005A 56                              	PUSH	ESI
    84 0000005B 31 FF                           	XOR	EDI,EDI
    85 0000005D 53                              	PUSH	EBX
    86 0000005E 31 DB                           	XOR	EBX,EBX
    87 00000060 52                              	PUSH	EDX
    88 00000061 8A 45 0C                        	MOV	AL,BYTE [12+EBP]
    89 00000064 8B 75 08                        	MOV	ESI,DWORD [8+EBP]
    90 00000067 88 45 F3                        	MOV	BYTE [-13+EBP],AL
    91 0000006A                                 L29:
    92 0000006A 31 D2                           	XOR	EDX,EDX
    93 0000006C                                 L28:
    94 0000006C 8D 04 3A                        	LEA	EAX,DWORD [EDX+EDI*1]
    95 0000006F 80 B8 [00000000] 2A             	CMP	BYTE [_cursor.0+EAX],42
    96 00000076 74 35                           	JE	L34
    97 00000078                                 L25:
    98 00000078 80 B8 [00000000] 4F             	CMP	BYTE [_cursor.0+EAX],79
    99 0000007F 74 26                           	JE	L35
   100 00000081                                 L26:
   101 00000081 80 B8 [00000000] 2E             	CMP	BYTE [_cursor.0+EAX],46
   102 00000088 74 15                           	JE	L36
   103 0000008A                                 L23:
   104 0000008A 42                              	INC	EDX
   105 0000008B 83 FA 0F                        	CMP	EDX,15
   106 0000008E 7E DC                           	JLE	L28
   107 00000090 43                              	INC	EBX
   108 00000091 83 C7 10                        	ADD	EDI,16
   109 00000094 83 FB 0F                        	CMP	EBX,15
   110 00000097 7E D1                           	JLE	L29
   111 00000099 58                              	POP	EAX
   112 0000009A 5B                              	POP	EBX
   113 0000009B 5E                              	POP	ESI
   114 0000009C 5F                              	POP	EDI
   115 0000009D 5D                              	POP	EBP
   116 0000009E C3                              	RET
   117 0000009F                                 L36:
   118 0000009F 8A 4D F3                        	MOV	CL,BYTE [-13+EBP]
   119 000000A2 88 0C 30                        	MOV	BYTE [EAX+ESI*1],CL
   120 000000A5 EB E3                           	JMP	L23
   121 000000A7                                 L35:
   122 000000A7 C6 04 30 07                     	MOV	BYTE [EAX+ESI*1],7
   123 000000AB EB D4                           	JMP	L26
   124 000000AD                                 L34:
   125 000000AD C6 04 30 00                     	MOV	BYTE [EAX+ESI*1],0
   126 000000B1 EB C5                           	JMP	L25
   127 000000B3                                 	GLOBAL	_putfonts8_ascii_str
   128 000000B3                                 _putfonts8_ascii_str:
   129 000000B3 55                              	PUSH	EBP
   130 000000B4 89 E5                           	MOV	EBP,ESP
   131 000000B6 57                              	PUSH	EDI
   132 000000B7 56                              	PUSH	ESI
   133 000000B8 53                              	PUSH	EBX
   134 000000B9 51                              	PUSH	ECX
   135 000000BA 8B 5D 1C                        	MOV	EBX,DWORD [28+EBP]
   136 000000BD 8A 45 18                        	MOV	AL,BYTE [24+EBP]
   137 000000C0 88 45 F3                        	MOV	BYTE [-13+EBP],AL
   138 000000C3 8B 75 10                        	MOV	ESI,DWORD [16+EBP]
   139 000000C6 8B 7D 14                        	MOV	EDI,DWORD [20+EBP]
   140 000000C9 80 3B 00                        	CMP	BYTE [EBX],0
   141 000000CC 75 08                           	JNE	L42
   142 000000CE                                 L44:
   143 000000CE 8D 65 F4                        	LEA	ESP,DWORD [-12+EBP]
   144 000000D1 5B                              	POP	EBX
   145 000000D2 5E                              	POP	ESI
   146 000000D3 5F                              	POP	EDI
   147 000000D4 5D                              	POP	EBP
   148 000000D5 C3                              	RET
   149 000000D6                                 L42:
   150 000000D6 0F B6 03                        	MOVZX	EAX,BYTE [EBX]
   151 000000D9 C1 E0 04                        	SAL	EAX,4
   152 000000DC 43                              	INC	EBX
   153 000000DD 05 [00000000]                   	ADD	EAX,_hankaku
   154 000000E2 50                              	PUSH	EAX
   155 000000E3 0F BE 45 F3                     	MOVSX	EAX,BYTE [-13+EBP]
   156 000000E7 50                              	PUSH	EAX
   157 000000E8 57                              	PUSH	EDI
   158 000000E9 56                              	PUSH	ESI
   159 000000EA 83 C6 08                        	ADD	ESI,8
   160 000000ED FF 75 0C                        	PUSH	DWORD [12+EBP]
   161 000000F0 FF 75 08                        	PUSH	DWORD [8+EBP]
   162 000000F3 E8 0000000A                     	CALL	_putfont8
   163 000000F8 83 C4 18                        	ADD	ESP,24
   164 000000FB 80 3B 00                        	CMP	BYTE [EBX],0
   165 000000FE 75 D6                           	JNE	L42
   166 00000100 EB CC                           	JMP	L44
   167 00000102                                 	GLOBAL	_putfont8
   168 00000102                                 _putfont8:
   169 00000102 55                              	PUSH	EBP
   170 00000103 89 E5                           	MOV	EBP,ESP
   171 00000105 57                              	PUSH	EDI
   172 00000106 56                              	PUSH	ESI
   173 00000107 31 F6                           	XOR	ESI,ESI
   174 00000109 53                              	PUSH	EBX
   175 0000010A 8B 7D 1C                        	MOV	EDI,DWORD [28+EBP]
   176 0000010D 8A 5D 18                        	MOV	BL,BYTE [24+EBP]
   177 00000110                                 L58:
   178 00000110 8B 45 14                        	MOV	EAX,DWORD [20+EBP]
   179 00000113 8B 55 10                        	MOV	EDX,DWORD [16+EBP]
   180 00000116 01 F0                           	ADD	EAX,ESI
   181 00000118 0F AF 45 0C                     	IMUL	EAX,DWORD [12+EBP]
   182 0000011C 03 45 08                        	ADD	EAX,DWORD [8+EBP]
   183 0000011F 8D 0C 02                        	LEA	ECX,DWORD [EDX+EAX*1]
   184 00000122 8A 14 3E                        	MOV	DL,BYTE [ESI+EDI*1]
   185 00000125 84 D2                           	TEST	DL,DL
   186 00000127 79 02                           	JNS	L50
   187 00000129 88 19                           	MOV	BYTE [ECX],BL
   188 0000012B                                 L50:
   189 0000012B 88 D0                           	MOV	AL,DL
   190 0000012D 83 E0 40                        	AND	EAX,64
   191 00000130 84 C0                           	TEST	AL,AL
   192 00000132 74 03                           	JE	L51
   193 00000134 88 59 01                        	MOV	BYTE [1+ECX],BL
   194 00000137                                 L51:
   195 00000137 88 D0                           	MOV	AL,DL
   196 00000139 83 E0 20                        	AND	EAX,32
   197 0000013C 84 C0                           	TEST	AL,AL
   198 0000013E 74 03                           	JE	L52
   199 00000140 88 59 02                        	MOV	BYTE [2+ECX],BL
   200 00000143                                 L52:
   201 00000143 88 D0                           	MOV	AL,DL
   202 00000145 83 E0 10                        	AND	EAX,16
   203 00000148 84 C0                           	TEST	AL,AL
   204 0000014A 74 03                           	JE	L53
   205 0000014C 88 59 03                        	MOV	BYTE [3+ECX],BL
   206 0000014F                                 L53:
   207 0000014F 88 D0                           	MOV	AL,DL
   208 00000151 83 E0 08                        	AND	EAX,8
   209 00000154 84 C0                           	TEST	AL,AL
   210 00000156 74 03                           	JE	L54
   211 00000158 88 59 04                        	MOV	BYTE [4+ECX],BL
   212 0000015B                                 L54:
   213 0000015B 88 D0                           	MOV	AL,DL
   214 0000015D 83 E0 04                        	AND	EAX,4
   215 00000160 84 C0                           	TEST	AL,AL
   216 00000162 74 03                           	JE	L55
   217 00000164 88 59 05                        	MOV	BYTE [5+ECX],BL
   218 00000167                                 L55:
   219 00000167 88 D0                           	MOV	AL,DL
   220 00000169 83 E0 02                        	AND	EAX,2
   221 0000016C 84 C0                           	TEST	AL,AL
   222 0000016E 74 03                           	JE	L56
   223 00000170 88 59 06                        	MOV	BYTE [6+ECX],BL
   224 00000173                                 L56:
   225 00000173 83 E2 01                        	AND	EDX,1
   226 00000176 84 D2                           	TEST	DL,DL
   227 00000178 74 03                           	JE	L48
   228 0000017A 88 59 07                        	MOV	BYTE [7+ECX],BL
   229 0000017D                                 L48:
   230 0000017D 46                              	INC	ESI
   231 0000017E 83 FE 0F                        	CMP	ESI,15
   232 00000181 7E 8D                           	JLE	L58
   233 00000183 5B                              	POP	EBX
   234 00000184 5E                              	POP	ESI
   235 00000185 5F                              	POP	EDI
   236 00000186 5D                              	POP	EBP
   237 00000187 C3                              	RET
   238 00000188                                 	GLOBAL	_init_screen
   239 00000188                                 _init_screen:
   240 00000188 55                              	PUSH	EBP
   241 00000189 89 E5                           	MOV	EBP,ESP
   242 0000018B 57                              	PUSH	EDI
   243 0000018C 56                              	PUSH	ESI
   244 0000018D 53                              	PUSH	EBX
   245 0000018E 83 EC 0C                        	SUB	ESP,12
   246 00000191 8B 45 10                        	MOV	EAX,DWORD [16+EBP]
   247 00000194 8B 7D 0C                        	MOV	EDI,DWORD [12+EBP]
   248 00000197 83 E8 1D                        	SUB	EAX,29
   249 0000019A 4F                              	DEC	EDI
   250 0000019B 50                              	PUSH	EAX
   251 0000019C 57                              	PUSH	EDI
   252 0000019D 6A 00                           	PUSH	0
   253 0000019F 6A 00                           	PUSH	0
   254 000001A1 6A 0E                           	PUSH	14
   255 000001A3 FF 75 0C                        	PUSH	DWORD [12+EBP]
   256 000001A6 FF 75 08                        	PUSH	DWORD [8+EBP]
   257 000001A9 E8 00000200                     	CALL	_boxfill8
   258 000001AE 8B 45 10                        	MOV	EAX,DWORD [16+EBP]
   259 000001B1 83 E8 1C                        	SUB	EAX,28
   260 000001B4 50                              	PUSH	EAX
   261 000001B5 57                              	PUSH	EDI
   262 000001B6 50                              	PUSH	EAX
   263 000001B7 6A 00                           	PUSH	0
   264 000001B9 6A 08                           	PUSH	8
   265 000001BB FF 75 0C                        	PUSH	DWORD [12+EBP]
   266 000001BE FF 75 08                        	PUSH	DWORD [8+EBP]
   267 000001C1 E8 000001E8                     	CALL	_boxfill8
   268 000001C6 8B 45 10                        	MOV	EAX,DWORD [16+EBP]
   269 000001C9 83 C4 38                        	ADD	ESP,56
   270 000001CC 83 E8 1B                        	SUB	EAX,27
   271 000001CF 50                              	PUSH	EAX
   272 000001D0 57                              	PUSH	EDI
   273 000001D1 50                              	PUSH	EAX
   274 000001D2 6A 00                           	PUSH	0
   275 000001D4 6A 07                           	PUSH	7
   276 000001D6 FF 75 0C                        	PUSH	DWORD [12+EBP]
   277 000001D9 FF 75 08                        	PUSH	DWORD [8+EBP]
   278 000001DC E8 000001CD                     	CALL	_boxfill8
   279 000001E1 8B 45 10                        	MOV	EAX,DWORD [16+EBP]
   280 000001E4 48                              	DEC	EAX
   281 000001E5 50                              	PUSH	EAX
   282 000001E6 8B 45 10                        	MOV	EAX,DWORD [16+EBP]
   283 000001E9 57                              	PUSH	EDI
   284 000001EA 83 E8 1A                        	SUB	EAX,26
   285 000001ED 50                              	PUSH	EAX
   286 000001EE 6A 00                           	PUSH	0
   287 000001F0 6A 08                           	PUSH	8
   288 000001F2 FF 75 0C                        	PUSH	DWORD [12+EBP]
   289 000001F5 FF 75 08                        	PUSH	DWORD [8+EBP]
   290 000001F8 E8 000001B1                     	CALL	_boxfill8
   291 000001FD 8B 75 10                        	MOV	ESI,DWORD [16+EBP]
   292 00000200 83 C4 38                        	ADD	ESP,56
   293 00000203 83 EE 18                        	SUB	ESI,24
   294 00000206 56                              	PUSH	ESI
   295 00000207 6A 3B                           	PUSH	59
   296 00000209 56                              	PUSH	ESI
   297 0000020A 6A 03                           	PUSH	3
   298 0000020C 6A 07                           	PUSH	7
   299 0000020E FF 75 0C                        	PUSH	DWORD [12+EBP]
   300 00000211 FF 75 08                        	PUSH	DWORD [8+EBP]
   301 00000214 E8 00000195                     	CALL	_boxfill8
   302 00000219 8B 45 10                        	MOV	EAX,DWORD [16+EBP]
   303 0000021C 83 E8 04                        	SUB	EAX,4
   304 0000021F 50                              	PUSH	EAX
   305 00000220 89 45 F0                        	MOV	DWORD [-16+EBP],EAX
   306 00000223 6A 02                           	PUSH	2
   307 00000225 56                              	PUSH	ESI
   308 00000226 6A 02                           	PUSH	2
   309 00000228 6A 07                           	PUSH	7
   310 0000022A FF 75 0C                        	PUSH	DWORD [12+EBP]
   311 0000022D FF 75 08                        	PUSH	DWORD [8+EBP]
   312 00000230 E8 00000179                     	CALL	_boxfill8
   313 00000235 83 C4 38                        	ADD	ESP,56
   314 00000238 FF 75 F0                        	PUSH	DWORD [-16+EBP]
   315 0000023B 6A 3B                           	PUSH	59
   316 0000023D FF 75 F0                        	PUSH	DWORD [-16+EBP]
   317 00000240 6A 03                           	PUSH	3
   318 00000242 6A 0F                           	PUSH	15
   319 00000244 FF 75 0C                        	PUSH	DWORD [12+EBP]
   320 00000247 FF 75 08                        	PUSH	DWORD [8+EBP]
   321 0000024A E8 0000015F                     	CALL	_boxfill8
   322 0000024F 8B 45 10                        	MOV	EAX,DWORD [16+EBP]
   323 00000252 83 E8 05                        	SUB	EAX,5
   324 00000255 50                              	PUSH	EAX
   325 00000256 8B 45 10                        	MOV	EAX,DWORD [16+EBP]
   326 00000259 6A 3B                           	PUSH	59
   327 0000025B 83 E8 17                        	SUB	EAX,23
   328 0000025E 50                              	PUSH	EAX
   329 0000025F 89 45 EC                        	MOV	DWORD [-20+EBP],EAX
   330 00000262 6A 3B                           	PUSH	59
   331 00000264 6A 0F                           	PUSH	15
   332 00000266 FF 75 0C                        	PUSH	DWORD [12+EBP]
   333 00000269 FF 75 08                        	PUSH	DWORD [8+EBP]
   334 0000026C E8 0000013D                     	CALL	_boxfill8
   335 00000271 8B 45 10                        	MOV	EAX,DWORD [16+EBP]
   336 00000274 83 C4 38                        	ADD	ESP,56
   337 00000277 83 E8 03                        	SUB	EAX,3
   338 0000027A 89 45 E8                        	MOV	DWORD [-24+EBP],EAX
   339 0000027D 50                              	PUSH	EAX
   340 0000027E 6A 3B                           	PUSH	59
   341 00000280 50                              	PUSH	EAX
   342 00000281 6A 02                           	PUSH	2
   343 00000283 6A 00                           	PUSH	0
   344 00000285 FF 75 0C                        	PUSH	DWORD [12+EBP]
   345 00000288 FF 75 08                        	PUSH	DWORD [8+EBP]
   346 0000028B E8 0000011E                     	CALL	_boxfill8
   347 00000290 FF 75 E8                        	PUSH	DWORD [-24+EBP]
   348 00000293 6A 3C                           	PUSH	60
   349 00000295 56                              	PUSH	ESI
   350 00000296 6A 3C                           	PUSH	60
   351 00000298 6A 00                           	PUSH	0
   352 0000029A FF 75 0C                        	PUSH	DWORD [12+EBP]
   353 0000029D FF 75 08                        	PUSH	DWORD [8+EBP]
   354 000002A0 E8 00000109                     	CALL	_boxfill8
   355 000002A5 8B 7D 0C                        	MOV	EDI,DWORD [12+EBP]
   356 000002A8 83 C4 38                        	ADD	ESP,56
   357 000002AB 8B 5D 0C                        	MOV	EBX,DWORD [12+EBP]
   358 000002AE 83 EB 04                        	SUB	EBX,4
   359 000002B1 83 EF 2F                        	SUB	EDI,47
   360 000002B4 56                              	PUSH	ESI
   361 000002B5 53                              	PUSH	EBX
   362 000002B6 56                              	PUSH	ESI
   363 000002B7 57                              	PUSH	EDI
   364 000002B8 6A 0F                           	PUSH	15
   365 000002BA FF 75 0C                        	PUSH	DWORD [12+EBP]
   366 000002BD FF 75 08                        	PUSH	DWORD [8+EBP]
   367 000002C0 E8 000000E9                     	CALL	_boxfill8
   368 000002C5 FF 75 F0                        	PUSH	DWORD [-16+EBP]
   369 000002C8 57                              	PUSH	EDI
   370 000002C9 FF 75 EC                        	PUSH	DWORD [-20+EBP]
   371 000002CC 57                              	PUSH	EDI
   372 000002CD 6A 0F                           	PUSH	15
   373 000002CF FF 75 0C                        	PUSH	DWORD [12+EBP]
   374 000002D2 FF 75 08                        	PUSH	DWORD [8+EBP]
   375 000002D5 E8 000000D4                     	CALL	_boxfill8
   376 000002DA 83 C4 38                        	ADD	ESP,56
   377 000002DD FF 75 E8                        	PUSH	DWORD [-24+EBP]
   378 000002E0 53                              	PUSH	EBX
   379 000002E1 FF 75 E8                        	PUSH	DWORD [-24+EBP]
   380 000002E4 57                              	PUSH	EDI
   381 000002E5 6A 07                           	PUSH	7
   382 000002E7 FF 75 0C                        	PUSH	DWORD [12+EBP]
   383 000002EA FF 75 08                        	PUSH	DWORD [8+EBP]
   384 000002ED E8 000000BC                     	CALL	_boxfill8
   385 000002F2 8B 45 0C                        	MOV	EAX,DWORD [12+EBP]
   386 000002F5 FF 75 E8                        	PUSH	DWORD [-24+EBP]
   387 000002F8 83 E8 03                        	SUB	EAX,3
   388 000002FB 50                              	PUSH	EAX
   389 000002FC 56                              	PUSH	ESI
   390 000002FD 50                              	PUSH	EAX
   391 000002FE 6A 07                           	PUSH	7
   392 00000300 FF 75 0C                        	PUSH	DWORD [12+EBP]
   393 00000303 FF 75 08                        	PUSH	DWORD [8+EBP]
   394 00000306 E8 000000A3                     	CALL	_boxfill8
   395 0000030B 8D 65 F4                        	LEA	ESP,DWORD [-12+EBP]
   396 0000030E 5B                              	POP	EBX
   397 0000030F 5E                              	POP	ESI
   398 00000310 5F                              	POP	EDI
   399 00000311 5D                              	POP	EBP
   400 00000312 C3                              	RET
   401                                          [SECTION .data]
   402 00000100                                 _table_rgb.1:
   403 00000100 00                              	DB	0
   404 00000101 00                              	DB	0
   405 00000102 00                              	DB	0
   406 00000103 FF                              	DB	-1
   407 00000104 00                              	DB	0
   408 00000105 00                              	DB	0
   409 00000106 00                              	DB	0
   410 00000107 FF                              	DB	-1
   411 00000108 00                              	DB	0
   412 00000109 FF                              	DB	-1
   413 0000010A FF                              	DB	-1
   414 0000010B 00                              	DB	0
   415 0000010C 00                              	DB	0
   416 0000010D 00                              	DB	0
   417 0000010E FF                              	DB	-1
   418 0000010F FF                              	DB	-1
   419 00000110 00                              	DB	0
   420 00000111 FF                              	DB	-1
   421 00000112 00                              	DB	0
   422 00000113 FF                              	DB	-1
   423 00000114 FF                              	DB	-1
   424 00000115 FF                              	DB	-1
   425 00000116 FF                              	DB	-1
   426 00000117 FF                              	DB	-1
   427 00000118 C6                              	DB	-58
   428 00000119 C6                              	DB	-58
   429 0000011A C6                              	DB	-58
   430 0000011B 84                              	DB	-124
   431 0000011C 00                              	DB	0
   432 0000011D 00                              	DB	0
   433 0000011E 00                              	DB	0
   434 0000011F 84                              	DB	-124
   435 00000120 00                              	DB	0
   436 00000121 84                              	DB	-124
   437 00000122 84                              	DB	-124
   438 00000123 00                              	DB	0
   439 00000124 00                              	DB	0
   440 00000125 00                              	DB	0
   441 00000126 84                              	DB	-124
   442 00000127 84                              	DB	-124
   443 00000128 00                              	DB	0
   444 00000129 84                              	DB	-124
   445 0000012A 00                              	DB	0
   446 0000012B 84                              	DB	-124
   447 0000012C 84                              	DB	-124
   448 0000012D 84                              	DB	-124
   449 0000012E 84                              	DB	-124
   450 0000012F 84                              	DB	-124
   451                                          [SECTION .text]
   452 00000313                                 	GLOBAL	_init_palette
   453 00000313                                 _init_palette:
   454 00000313 55                              	PUSH	EBP
   455 00000314 89 E5                           	MOV	EBP,ESP
   456 00000316 68 [00000100]                   	PUSH	_table_rgb.1
   457 0000031B 6A 0F                           	PUSH	15
   458 0000031D 6A 00                           	PUSH	0
   459 0000031F E8 00000002                     	CALL	_set_palette
   460 00000324 C9                              	LEAVE
   461 00000325 C3                              	RET
   462 00000326                                 	GLOBAL	_set_palette
   463 00000326                                 _set_palette:
   464 00000326 55                              	PUSH	EBP
   465 00000327 89 E5                           	MOV	EBP,ESP
   466 00000329 57                              	PUSH	EDI
   467 0000032A 56                              	PUSH	ESI
   468 0000032B 53                              	PUSH	EBX
   469 0000032C 51                              	PUSH	ECX
   470 0000032D 8B 5D 08                        	MOV	EBX,DWORD [8+EBP]
   471 00000330 8B 7D 0C                        	MOV	EDI,DWORD [12+EBP]
   472 00000333 8B 75 10                        	MOV	ESI,DWORD [16+EBP]
   473 00000336 E8 [00000000]                   	CALL	_io_load_eflags
   474 0000033B 89 45 F0                        	MOV	DWORD [-16+EBP],EAX
   475 0000033E E8 [00000000]                   	CALL	_io_cli
   476 00000343 53                              	PUSH	EBX
   477 00000344 68 000003C8                     	PUSH	968
   478 00000349 E8 [00000000]                   	CALL	_io_out8
   479 0000034E 39 FB                           	CMP	EBX,EDI
   480 00000350 58                              	POP	EAX
   481 00000351 5A                              	POP	EDX
   482 00000352 7E 12                           	JLE	L68
   483 00000354                                 L70:
   484 00000354 8B 45 F0                        	MOV	EAX,DWORD [-16+EBP]
   485 00000357 89 45 08                        	MOV	DWORD [8+EBP],EAX
   486 0000035A 8D 65 F4                        	LEA	ESP,DWORD [-12+EBP]
   487 0000035D 5B                              	POP	EBX
   488 0000035E 5E                              	POP	ESI
   489 0000035F 5F                              	POP	EDI
   490 00000360 5D                              	POP	EBP
   491 00000361 E9 [00000000]                   	JMP	_io_store_eflags
   492 00000366                                 L68:
   493 00000366 8A 06                           	MOV	AL,BYTE [ESI]
   494 00000368 43                              	INC	EBX
   495 00000369 C0 E8 02                        	SHR	AL,2
   496 0000036C 0F B6 C0                        	MOVZX	EAX,AL
   497 0000036F 50                              	PUSH	EAX
   498 00000370 68 000003C9                     	PUSH	969
   499 00000375 E8 [00000000]                   	CALL	_io_out8
   500 0000037A 8A 46 01                        	MOV	AL,BYTE [1+ESI]
   501 0000037D C0 E8 02                        	SHR	AL,2
   502 00000380 0F B6 C0                        	MOVZX	EAX,AL
   503 00000383 50                              	PUSH	EAX
   504 00000384 68 000003C9                     	PUSH	969
   505 00000389 E8 [00000000]                   	CALL	_io_out8
   506 0000038E 8A 46 02                        	MOV	AL,BYTE [2+ESI]
   507 00000391 C0 E8 02                        	SHR	AL,2
   508 00000394 83 C6 03                        	ADD	ESI,3
   509 00000397 0F B6 C0                        	MOVZX	EAX,AL
   510 0000039A 50                              	PUSH	EAX
   511 0000039B 68 000003C9                     	PUSH	969
   512 000003A0 E8 [00000000]                   	CALL	_io_out8
   513 000003A5 83 C4 18                        	ADD	ESP,24
   514 000003A8 39 FB                           	CMP	EBX,EDI
   515 000003AA 7E BA                           	JLE	L68
   516 000003AC EB A6                           	JMP	L70
   517 000003AE                                 	GLOBAL	_boxfill8
   518 000003AE                                 _boxfill8:
   519 000003AE 55                              	PUSH	EBP
   520 000003AF 89 E5                           	MOV	EBP,ESP
   521 000003B1 57                              	PUSH	EDI
   522 000003B2 56                              	PUSH	ESI
   523 000003B3 53                              	PUSH	EBX
   524 000003B4 57                              	PUSH	EDI
   525 000003B5 57                              	PUSH	EDI
   526 000003B6 8A 45 10                        	MOV	AL,BYTE [16+EBP]
   527 000003B9 8B 4D 18                        	MOV	ECX,DWORD [24+EBP]
   528 000003BC 8B 7D 1C                        	MOV	EDI,DWORD [28+EBP]
   529 000003BF 88 45 F3                        	MOV	BYTE [-13+EBP],AL
   530 000003C2 3B 4D 20                        	CMP	ECX,DWORD [32+EBP]
   531 000003C5 7F 31                           	JG	L83
   532 000003C7 8B 5D 0C                        	MOV	EBX,DWORD [12+EBP]
   533 000003CA 0F AF D9                        	IMUL	EBX,ECX
   534 000003CD                                 L81:
   535 000003CD 8B 55 14                        	MOV	EDX,DWORD [20+EBP]
   536 000003D0 39 FA                           	CMP	EDX,EDI
   537 000003D2 7F 1B                           	JG	L85
   538 000003D4 8B 75 08                        	MOV	ESI,DWORD [8+EBP]
   539 000003D7 01 DE                           	ADD	ESI,EBX
   540 000003D9 01 D6                           	ADD	ESI,EDX
   541 000003DB 89 75 EC                        	MOV	DWORD [-20+EBP],ESI
   542 000003DE                                 L80:
   543 000003DE 8B 75 EC                        	MOV	ESI,DWORD [-20+EBP]
   544 000003E1 8A 45 F3                        	MOV	AL,BYTE [-13+EBP]
   545 000003E4 42                              	INC	EDX
   546 000003E5 88 06                           	MOV	BYTE [ESI],AL
   547 000003E7 46                              	INC	ESI
   548 000003E8 89 75 EC                        	MOV	DWORD [-20+EBP],ESI
   549 000003EB 39 FA                           	CMP	EDX,EDI
   550 000003ED 7E EF                           	JLE	L80
   551 000003EF                                 L85:
   552 000003EF 41                              	INC	ECX
   553 000003F0 03 5D 0C                        	ADD	EBX,DWORD [12+EBP]
   554 000003F3 3B 4D 20                        	CMP	ECX,DWORD [32+EBP]
   555 000003F6 7E D5                           	JLE	L81
   556 000003F8                                 L83:
   557 000003F8 5B                              	POP	EBX
   558 000003F9 5E                              	POP	ESI
   559 000003FA 5B                              	POP	EBX
   560 000003FB 5E                              	POP	ESI
   561 000003FC 5F                              	POP	EDI
   562 000003FD 5D                              	POP	EBP
   563 000003FE C3                              	RET
